{"D:\\Documents\\my_project\\fb_messenger_bot\\src\\api\\webhook\\messages\\MessageHandler.js": {"path":"D:\\Documents\\my_project\\fb_messenger_bot\\src\\api\\webhook\\messages\\MessageHandler.js","statementMap":{"0":{"start":{"line":1,"column":0},"end":{"line":1,"column":27}},"1":{"start":{"line":2,"column":16},"end":{"line":2,"column":34}},"2":{"start":{"line":3,"column":15},"end":{"line":3,"column":32}},"3":{"start":{"line":7,"column":4},"end":{"line":7,"column":28}},"4":{"start":{"line":8,"column":4},"end":{"line":8,"column":38}},"5":{"start":{"line":9,"column":4},"end":{"line":9,"column":52}},"6":{"start":{"line":11,"column":4},"end":{"line":11,"column":26}},"7":{"start":{"line":12,"column":4},"end":{"line":12,"column":26}},"8":{"start":{"line":13,"column":4},"end":{"line":13,"column":26}},"9":{"start":{"line":15,"column":4},"end":{"line":15,"column":27}},"10":{"start":{"line":16,"column":4},"end":{"line":16,"column":30}},"11":{"start":{"line":17,"column":4},"end":{"line":17,"column":27}},"12":{"start":{"line":19,"column":4},"end":{"line":19,"column":19}},"13":{"start":{"line":23,"column":4},"end":{"line":77,"column":5}},"14":{"start":{"line":24,"column":6},"end":{"line":76,"column":7}},"15":{"start":{"line":25,"column":8},"end":{"line":25,"column":57}},"16":{"start":{"line":26,"column":13},"end":{"line":76,"column":7}},"17":{"start":{"line":27,"column":23},"end":{"line":27,"column":81}},"18":{"start":{"line":29,"column":8},"end":{"line":33,"column":9}},"19":{"start":{"line":30,"column":10},"end":{"line":30,"column":53}},"20":{"start":{"line":32,"column":10},"end":{"line":32,"column":59}},"21":{"start":{"line":34,"column":13},"end":{"line":76,"column":7}},"22":{"start":{"line":35,"column":8},"end":{"line":35,"column":53}},"23":{"start":{"line":37,"column":8},"end":{"line":68,"column":9}},"24":{"start":{"line":38,"column":10},"end":{"line":38,"column":55}},"25":{"start":{"line":39,"column":10},"end":{"line":39,"column":100}},"26":{"start":{"line":40,"column":27},"end":{"line":40,"column":84}},"27":{"start":{"line":42,"column":27},"end":{"line":44,"column":11}},"28":{"start":{"line":46,"column":10},"end":{"line":46,"column":32}},"29":{"start":{"line":47,"column":10},"end":{"line":47,"column":32}},"30":{"start":{"line":48,"column":10},"end":{"line":48,"column":32}},"31":{"start":{"line":49,"column":10},"end":{"line":49,"column":33}},"32":{"start":{"line":51,"column":10},"end":{"line":51,"column":50}},"33":{"start":{"line":52,"column":15},"end":{"line":68,"column":9}},"34":{"start":{"line":53,"column":10},"end":{"line":53,"column":55}},"35":{"start":{"line":54,"column":10},"end":{"line":54,"column":100}},"36":{"start":{"line":56,"column":27},"end":{"line":58,"column":11}},"37":{"start":{"line":60,"column":10},"end":{"line":60,"column":32}},"38":{"start":{"line":61,"column":10},"end":{"line":61,"column":32}},"39":{"start":{"line":62,"column":10},"end":{"line":62,"column":32}},"40":{"start":{"line":63,"column":10},"end":{"line":63,"column":33}},"41":{"start":{"line":65,"column":10},"end":{"line":65,"column":50}},"42":{"start":{"line":67,"column":10},"end":{"line":67,"column":53}},"43":{"start":{"line":70,"column":25},"end":{"line":72,"column":9}},"44":{"start":{"line":74,"column":8},"end":{"line":74,"column":29}},"45":{"start":{"line":75,"column":8},"end":{"line":75,"column":48}},"46":{"start":{"line":81,"column":19},"end":{"line":81,"column":73}},"47":{"start":{"line":82,"column":4},"end":{"line":82,"column":34}},"48":{"start":{"line":83,"column":4},"end":{"line":83,"column":49}},"49":{"start":{"line":85,"column":21},"end":{"line":87,"column":5}},"50":{"start":{"line":89,"column":4},"end":{"line":89,"column":25}},"51":{"start":{"line":90,"column":4},"end":{"line":90,"column":44}},"52":{"start":{"line":94,"column":4},"end":{"line":94,"column":49}},"53":{"start":{"line":95,"column":4},"end":{"line":95,"column":45}},"54":{"start":{"line":96,"column":21},"end":{"line":98,"column":5}},"55":{"start":{"line":100,"column":4},"end":{"line":100,"column":25}},"56":{"start":{"line":101,"column":4},"end":{"line":101,"column":44}},"57":{"start":{"line":105,"column":24},"end":{"line":110,"column":5}},"58":{"start":{"line":112,"column":4},"end":{"line":123,"column":7}},"59":{"start":{"line":118,"column":6},"end":{"line":122,"column":7}},"60":{"start":{"line":119,"column":8},"end":{"line":119,"column":37}},"61":{"start":{"line":121,"column":8},"end":{"line":121,"column":58}},"62":{"start":{"line":127,"column":19},"end":{"line":127,"column":61}},"63":{"start":{"line":128,"column":4},"end":{"line":148,"column":5}},"64":{"start":{"line":129,"column":22},"end":{"line":129,"column":45}},"65":{"start":{"line":130,"column":22},"end":{"line":130,"column":51}},"66":{"start":{"line":131,"column":29},"end":{"line":131,"column":53}},"67":{"start":{"line":133,"column":24},"end":{"line":133,"column":41}},"68":{"start":{"line":135,"column":6},"end":{"line":139,"column":7}},"69":{"start":{"line":136,"column":8},"end":{"line":136,"column":58}},"70":{"start":{"line":138,"column":8},"end":{"line":138,"column":62}},"71":{"start":{"line":141,"column":20},"end":{"line":141,"column":35}},"72":{"start":{"line":142,"column":20},"end":{"line":142,"column":39}},"73":{"start":{"line":143,"column":30},"end":{"line":143,"column":55}},"74":{"start":{"line":145,"column":6},"end":{"line":145,"column":29}},"75":{"start":{"line":147,"column":6},"end":{"line":147,"column":15}},"76":{"start":{"line":152,"column":0},"end":{"line":152,"column":32}}},"fnMap":{"0":{"name":"(anonymous_0)","decl":{"start":{"line":6,"column":2},"end":{"line":6,"column":3}},"loc":{"start":{"line":6,"column":63},"end":{"line":20,"column":3}},"line":6},"1":{"name":"(anonymous_1)","decl":{"start":{"line":22,"column":2},"end":{"line":22,"column":3}},"loc":{"start":{"line":22,"column":53},"end":{"line":78,"column":3}},"line":22},"2":{"name":"(anonymous_2)","decl":{"start":{"line":80,"column":2},"end":{"line":80,"column":3}},"loc":{"start":{"line":80,"column":46},"end":{"line":91,"column":3}},"line":80},"3":{"name":"(anonymous_3)","decl":{"start":{"line":93,"column":2},"end":{"line":93,"column":3}},"loc":{"start":{"line":93,"column":40},"end":{"line":102,"column":3}},"line":93},"4":{"name":"(anonymous_4)","decl":{"start":{"line":104,"column":2},"end":{"line":104,"column":3}},"loc":{"start":{"line":104,"column":32},"end":{"line":124,"column":3}},"line":104},"5":{"name":"(anonymous_5)","decl":{"start":{"line":117,"column":7},"end":{"line":117,"column":8}},"loc":{"start":{"line":117,"column":16},"end":{"line":123,"column":5}},"line":117},"6":{"name":"(anonymous_6)","decl":{"start":{"line":126,"column":2},"end":{"line":126,"column":3}},"loc":{"start":{"line":126,"column":42},"end":{"line":149,"column":3}},"line":126}},"branchMap":{"0":{"loc":{"start":{"line":23,"column":4},"end":{"line":77,"column":5}},"type":"if","locations":[{"start":{"line":23,"column":4},"end":{"line":77,"column":5}},{"start":{},"end":{}}],"line":23},"1":{"loc":{"start":{"line":24,"column":6},"end":{"line":76,"column":7}},"type":"if","locations":[{"start":{"line":24,"column":6},"end":{"line":76,"column":7}},{"start":{"line":26,"column":13},"end":{"line":76,"column":7}}],"line":24},"2":{"loc":{"start":{"line":24,"column":10},"end":{"line":24,"column":86}},"type":"binary-expr","locations":[{"start":{"line":24,"column":10},"end":{"line":24,"column":32}},{"start":{"line":24,"column":36},"end":{"line":24,"column":59}},{"start":{"line":24,"column":63},"end":{"line":24,"column":86}}],"line":24},"3":{"loc":{"start":{"line":26,"column":13},"end":{"line":76,"column":7}},"type":"if","locations":[{"start":{"line":26,"column":13},"end":{"line":76,"column":7}},{"start":{"line":34,"column":13},"end":{"line":76,"column":7}}],"line":26},"4":{"loc":{"start":{"line":26,"column":17},"end":{"line":26,"column":92}},"type":"binary-expr","locations":[{"start":{"line":26,"column":17},"end":{"line":26,"column":39}},{"start":{"line":26,"column":43},"end":{"line":26,"column":65}},{"start":{"line":26,"column":69},"end":{"line":26,"column":92}}],"line":26},"5":{"loc":{"start":{"line":29,"column":8},"end":{"line":33,"column":9}},"type":"if","locations":[{"start":{"line":29,"column":8},"end":{"line":33,"column":9}},{"start":{"line":31,"column":15},"end":{"line":33,"column":9}}],"line":29},"6":{"loc":{"start":{"line":34,"column":13},"end":{"line":76,"column":7}},"type":"if","locations":[{"start":{"line":34,"column":13},"end":{"line":76,"column":7}},{"start":{"line":69,"column":13},"end":{"line":76,"column":7}}],"line":34},"7":{"loc":{"start":{"line":34,"column":17},"end":{"line":34,"column":64}},"type":"binary-expr","locations":[{"start":{"line":34,"column":17},"end":{"line":34,"column":30}},{"start":{"line":34,"column":34},"end":{"line":34,"column":47}},{"start":{"line":34,"column":51},"end":{"line":34,"column":64}}],"line":34},"8":{"loc":{"start":{"line":37,"column":8},"end":{"line":68,"column":9}},"type":"if","locations":[{"start":{"line":37,"column":8},"end":{"line":68,"column":9}},{"start":{"line":52,"column":15},"end":{"line":68,"column":9}}],"line":37},"9":{"loc":{"start":{"line":37,"column":12},"end":{"line":37,"column":111}},"type":"binary-expr","locations":[{"start":{"line":37,"column":12},"end":{"line":37,"column":42}},{"start":{"line":37,"column":46},"end":{"line":37,"column":77}},{"start":{"line":37,"column":81},"end":{"line":37,"column":111}}],"line":37},"10":{"loc":{"start":{"line":52,"column":15},"end":{"line":68,"column":9}},"type":"if","locations":[{"start":{"line":52,"column":15},"end":{"line":68,"column":9}},{"start":{"line":66,"column":15},"end":{"line":68,"column":9}}],"line":52},"11":{"loc":{"start":{"line":52,"column":19},"end":{"line":52,"column":82}},"type":"binary-expr","locations":[{"start":{"line":52,"column":19},"end":{"line":52,"column":48}},{"start":{"line":52,"column":52},"end":{"line":52,"column":82}}],"line":52},"12":{"loc":{"start":{"line":118,"column":6},"end":{"line":122,"column":7}},"type":"if","locations":[{"start":{"line":118,"column":6},"end":{"line":122,"column":7}},{"start":{"line":120,"column":13},"end":{"line":122,"column":7}}],"line":118},"13":{"loc":{"start":{"line":128,"column":4},"end":{"line":148,"column":5}},"type":"if","locations":[{"start":{"line":128,"column":4},"end":{"line":148,"column":5}},{"start":{"line":146,"column":11},"end":{"line":148,"column":5}}],"line":128},"14":{"loc":{"start":{"line":135,"column":6},"end":{"line":139,"column":7}},"type":"if","locations":[{"start":{"line":135,"column":6},"end":{"line":139,"column":7}},{"start":{"line":137,"column":13},"end":{"line":139,"column":7}}],"line":135}},"s":{"0":1,"1":1,"2":1,"3":2,"4":2,"5":2,"6":2,"7":2,"8":2,"9":2,"10":2,"11":2,"12":2,"13":0,"14":0,"15":0,"16":0,"17":0,"18":0,"19":0,"20":0,"21":0,"22":0,"23":0,"24":0,"25":0,"26":0,"27":0,"28":0,"29":0,"30":0,"31":0,"32":0,"33":0,"34":0,"35":0,"36":0,"37":0,"38":0,"39":0,"40":0,"41":0,"42":0,"43":0,"44":0,"45":0,"46":0,"47":0,"48":0,"49":0,"50":0,"51":0,"52":0,"53":0,"54":0,"55":0,"56":0,"57":0,"58":0,"59":0,"60":0,"61":0,"62":3,"63":3,"64":2,"65":2,"66":2,"67":2,"68":2,"69":1,"70":1,"71":2,"72":2,"73":2,"74":2,"75":1,"76":1},"f":{"0":2,"1":0,"2":0,"3":0,"4":0,"5":0,"6":3},"b":{"0":[0,0],"1":[0,0],"2":[0,0,0],"3":[0,0],"4":[0,0,0],"5":[0,0],"6":[0,0],"7":[0,0,0],"8":[0,0],"9":[0,0,0],"10":[0,0],"11":[0,0],"12":[0,0],"13":[2,1],"14":[1,1]},"_coverageSchema":"1a1c01bbd47fc00a2c39e90264f33305004495a9","hash":"a0f0dc68954613f734737a6b641600ece717e085"}
,"D:\\Documents\\my_project\\fb_messenger_bot\\src\\exceptions\\ClientError.js": {"path":"D:\\Documents\\my_project\\fb_messenger_bot\\src\\exceptions\\ClientError.js","statementMap":{"0":{"start":{"line":3,"column":4},"end":{"line":3,"column":19}},"1":{"start":{"line":5,"column":4},"end":{"line":5,"column":33}},"2":{"start":{"line":6,"column":4},"end":{"line":6,"column":30}},"3":{"start":{"line":10,"column":0},"end":{"line":10,"column":29}}},"fnMap":{"0":{"name":"(anonymous_0)","decl":{"start":{"line":2,"column":2},"end":{"line":2,"column":3}},"loc":{"start":{"line":2,"column":41},"end":{"line":7,"column":3}},"line":2}},"branchMap":{"0":{"loc":{"start":{"line":2,"column":23},"end":{"line":2,"column":39}},"type":"default-arg","locations":[{"start":{"line":2,"column":36},"end":{"line":2,"column":39}}],"line":2}},"s":{"0":3,"1":3,"2":3,"3":4},"f":{"0":3},"b":{"0":[1]},"_coverageSchema":"1a1c01bbd47fc00a2c39e90264f33305004495a9","hash":"2e5b825887142bdd27428329f4de46cfece93205"}
,"D:\\Documents\\my_project\\fb_messenger_bot\\src\\exceptions\\InvariantError.js": {"path":"D:\\Documents\\my_project\\fb_messenger_bot\\src\\exceptions\\InvariantError.js","statementMap":{"0":{"start":{"line":1,"column":20},"end":{"line":1,"column":44}},"1":{"start":{"line":5,"column":4},"end":{"line":5,"column":19}},"2":{"start":{"line":6,"column":4},"end":{"line":6,"column":33}},"3":{"start":{"line":10,"column":0},"end":{"line":10,"column":32}}},"fnMap":{"0":{"name":"(anonymous_0)","decl":{"start":{"line":4,"column":2},"end":{"line":4,"column":3}},"loc":{"start":{"line":4,"column":23},"end":{"line":7,"column":3}},"line":4}},"branchMap":{},"s":{"0":1,"1":1,"2":1,"3":1},"f":{"0":1},"b":{},"_coverageSchema":"1a1c01bbd47fc00a2c39e90264f33305004495a9","hash":"50e31badb9f16608320274a1992bd29ce239cd20"}
,"D:\\Documents\\my_project\\fb_messenger_bot\\src\\exceptions\\NotFoundError.js": {"path":"D:\\Documents\\my_project\\fb_messenger_bot\\src\\exceptions\\NotFoundError.js","statementMap":{"0":{"start":{"line":1,"column":20},"end":{"line":1,"column":44}},"1":{"start":{"line":5,"column":4},"end":{"line":5,"column":24}},"2":{"start":{"line":6,"column":4},"end":{"line":6,"column":32}},"3":{"start":{"line":10,"column":0},"end":{"line":10,"column":31}}},"fnMap":{"0":{"name":"(anonymous_0)","decl":{"start":{"line":4,"column":2},"end":{"line":4,"column":3}},"loc":{"start":{"line":4,"column":23},"end":{"line":7,"column":3}},"line":4}},"branchMap":{},"s":{"0":3,"1":2,"2":2,"3":3},"f":{"0":2},"b":{},"_coverageSchema":"1a1c01bbd47fc00a2c39e90264f33305004495a9","hash":"b2015b2bc47ed617fbedc39d8819bf38390583a3"}
,"D:\\Documents\\my_project\\fb_messenger_bot\\src\\service\\postgres\\UserMessagesService.js": {"path":"D:\\Documents\\my_project\\fb_messenger_bot\\src\\service\\postgres\\UserMessagesService.js","statementMap":{"0":{"start":{"line":1,"column":13},"end":{"line":1,"column":30}},"1":{"start":{"line":2,"column":22},"end":{"line":2,"column":63}},"2":{"start":{"line":6,"column":4},"end":{"line":6,"column":22}},"3":{"start":{"line":10,"column":18},"end":{"line":13,"column":5}},"4":{"start":{"line":15,"column":4},"end":{"line":15,"column":34}},"5":{"start":{"line":16,"column":4},"end":{"line":16,"column":18}},"6":{"start":{"line":20,"column":18},"end":{"line":20,"column":45}},"7":{"start":{"line":21,"column":19},"end":{"line":21,"column":48}},"8":{"start":{"line":22,"column":4},"end":{"line":22,"column":23}},"9":{"start":{"line":26,"column":18},"end":{"line":29,"column":5}},"10":{"start":{"line":31,"column":19},"end":{"line":31,"column":48}},"11":{"start":{"line":32,"column":4},"end":{"line":34,"column":5}},"12":{"start":{"line":33,"column":6},"end":{"line":33,"column":57}},"13":{"start":{"line":36,"column":4},"end":{"line":36,"column":26}},"14":{"start":{"line":40,"column":0},"end":{"line":40,"column":37}}},"fnMap":{"0":{"name":"(anonymous_0)","decl":{"start":{"line":5,"column":2},"end":{"line":5,"column":3}},"loc":{"start":{"line":5,"column":16},"end":{"line":7,"column":3}},"line":5},"1":{"name":"(anonymous_1)","decl":{"start":{"line":9,"column":2},"end":{"line":9,"column":3}},"loc":{"start":{"line":9,"column":43},"end":{"line":17,"column":3}},"line":9},"2":{"name":"(anonymous_2)","decl":{"start":{"line":19,"column":2},"end":{"line":19,"column":3}},"loc":{"start":{"line":19,"column":22},"end":{"line":23,"column":3}},"line":19},"3":{"name":"(anonymous_3)","decl":{"start":{"line":25,"column":2},"end":{"line":25,"column":3}},"loc":{"start":{"line":25,"column":36},"end":{"line":37,"column":3}},"line":25}},"branchMap":{"0":{"loc":{"start":{"line":32,"column":4},"end":{"line":34,"column":5}},"type":"if","locations":[{"start":{"line":32,"column":4},"end":{"line":34,"column":5}},{"start":{},"end":{}}],"line":32}},"s":{"0":2,"1":2,"2":4,"3":1,"4":1,"5":1,"6":1,"7":1,"8":1,"9":2,"10":2,"11":2,"12":1,"13":1,"14":2},"f":{"0":4,"1":1,"2":1,"3":2},"b":{"0":[1,1]},"_coverageSchema":"1a1c01bbd47fc00a2c39e90264f33305004495a9","hash":"430e3bce3386b71646377316dd424b9841ad6bdd"}
,"D:\\Documents\\my_project\\fb_messenger_bot\\src\\service\\postgres\\UsersService.js": {"path":"D:\\Documents\\my_project\\fb_messenger_bot\\src\\service\\postgres\\UsersService.js","statementMap":{"0":{"start":{"line":1,"column":19},"end":{"line":1,"column":36}},"1":{"start":{"line":2,"column":13},"end":{"line":2,"column":30}},"2":{"start":{"line":6,"column":4},"end":{"line":6,"column":22}},"3":{"start":{"line":10,"column":15},"end":{"line":10,"column":35}},"4":{"start":{"line":11,"column":18},"end":{"line":14,"column":5}},"5":{"start":{"line":16,"column":19},"end":{"line":16,"column":48}},"6":{"start":{"line":17,"column":4},"end":{"line":17,"column":29}},"7":{"start":{"line":21,"column":18},"end":{"line":24,"column":5}},"8":{"start":{"line":26,"column":19},"end":{"line":26,"column":48}},"9":{"start":{"line":27,"column":4},"end":{"line":27,"column":23}},"10":{"start":{"line":31,"column":0},"end":{"line":31,"column":30}}},"fnMap":{"0":{"name":"(anonymous_0)","decl":{"start":{"line":5,"column":2},"end":{"line":5,"column":3}},"loc":{"start":{"line":5,"column":16},"end":{"line":7,"column":3}},"line":5},"1":{"name":"(anonymous_1)","decl":{"start":{"line":9,"column":2},"end":{"line":9,"column":3}},"loc":{"start":{"line":9,"column":26},"end":{"line":18,"column":3}},"line":9},"2":{"name":"(anonymous_2)","decl":{"start":{"line":20,"column":2},"end":{"line":20,"column":3}},"loc":{"start":{"line":20,"column":26},"end":{"line":28,"column":3}},"line":20}},"branchMap":{},"s":{"0":2,"1":2,"2":2,"3":2,"4":2,"5":2,"6":2,"7":1,"8":1,"9":1,"10":2},"f":{"0":2,"1":2,"2":1},"b":{},"_coverageSchema":"1a1c01bbd47fc00a2c39e90264f33305004495a9","hash":"4133f1e37f56a03a1ac13195477ce3de37f4af8e"}
}
